<?xml version="1.0" encoding="UTF-8"?>
<!-- Generated by org.testng.reporters.JUnitReportReporter -->
<testsuite hostname="AshwinG" name="tests.HomePageTests" tests="9" failures="0" timestamp="22 Mar 2017 10:52:09 GMT" time="21.858" errors="0">
  <testcase name="products" time="2.485" classname="tests.HomePageTests"/>
  <testcase name="topNav" time="5.501" classname="tests.HomePageTests"/>
  <testcase name="upperFooter" time="2.078" classname="tests.HomePageTests"/>
  <testcase name="lowerFooter" time="1.036" classname="tests.HomePageTests"/>
  <testcase name="cookieLaw" time="4.355" classname="tests.HomePageTests"/>
  <testcase name="header" time="1.171" classname="tests.HomePageTests"/>
  <testcase name="services" time="3.792" classname="tests.HomePageTests"/>
  <testcase name="locale" time="0.766" classname="tests.HomePageTests"/>
  <testcase name="homeSeo" time="0.674" classname="tests.HomePageTests"/>
</testsuite> <!-- tests.HomePageTests -->
